# JRE version: OpenJDK Runtime Environment (11.0.12+7) (build 11.0.12+7-b1504.28-7817840)
# Java VM: OpenJDK 64-Bit Server VM (11.0.12+7-b1504.28-7817840, mixed mode, tiered, compressed oops, g1 gc, windows-amd64)
Heap:
 garbage-first heap   total 623616K, used 229060K [0x0000000080000000, 0x0000000100000000)
  region size 1024K, 6 young (6144K), 6 survivors (6144K)
 Metaspace       used 107335K, capacity 109631K, committed 110420K, reserved 1144832K
  class space    used 13512K, capacity 14351K, committed 14592K, reserved 1048576K
GC Heap History (20 events):
Event: 40.165 GC heap after
{Heap after GC invocations=24 (full 0):
 garbage-first heap   total 253952K, used 157579K [0x0000000080000000, 0x0000000100000000)
  region size 1024K, 8 young (8192K), 8 survivors (8192K)
 Metaspace       used 105365K, capacity 107798K, committed 108116K, reserved 1142784K
  class space    used 13341K, capacity 14278K, committed 14336K, reserved 1048576K
}
Event: 40.172 GC heap before
{Heap before GC invocations=24 (full 0):
 garbage-first heap   total 253952K, used 161675K [0x0000000080000000, 0x0000000100000000)
  region size 1024K, 12 young (12288K), 8 survivors (8192K)
 Metaspace       used 105382K, capacity 107862K, committed 108116K, reserved 1142784K
  class space    used 13345K, capacity 14278K, committed 14336K, reserved 1048576K
}
Event: 40.178 GC heap after
{Heap after GC invocations=25 (full 0):
 garbage-first heap   total 253952K, used 159425K [0x0000000080000000, 0x0000000100000000)
  region size 1024K, 2 young (2048K), 2 survivors (2048K)
 Metaspace       used 105382K, capacity 107862K, committed 108116K, reserved 1142784K
  class space    used 13345K, capacity 14278K, committed 14336K, reserved 1048576K
}
Event: 40.245 GC heap before
{Heap before GC invocations=25 (full 0):
 garbage-first heap   total 253952K, used 204481K [0x0000000080000000, 0x0000000100000000)
  region size 1024K, 46 young (47104K), 2 survivors (2048K)
 Metaspace       used 105738K, capacity 108242K, committed 108500K, reserved 1142784K
  class space    used 13403K, capacity 14339K, committed 14464K, reserved 1048576K
}
Event: 40.255 GC heap after
{Heap after GC invocations=26 (full 0):
 garbage-first heap   total 253952K, used 169466K [0x0000000080000000, 0x0000000100000000)
  region size 1024K, 6 young (6144K), 6 survivors (6144K)
 Metaspace       used 105738K, capacity 108242K, committed 108500K, reserved 1142784K
  class space    used 13403K, capacity 14339K, committed 14464K, reserved 1048576K
}
Event: 40.307 GC heap before
{Heap before GC invocations=26 (full 0):
 garbage-first heap   total 253952K, used 205306K [0x0000000080000000, 0x0000000100000000)
  region size 1024K, 42 young (43008K), 6 survivors (6144K)
 Metaspace       used 105807K, capacity 108245K, committed 108500K, reserved 1142784K
  class space    used 13408K, capacity 14339K, committed 14464K, reserved 1048576K
}
Event: 40.315 GC heap after
{Heap after GC invocations=27 (full 0):
 garbage-first heap   total 253952K, used 178071K [0x0000000080000000, 0x0000000100000000)
  region size 1024K, 6 young (6144K), 6 survivors (6144K)
 Metaspace       used 105807K, capacity 108245K, committed 108500K, reserved 1142784K
  class space    used 13408K, capacity 14339K, committed 14464K, reserved 1048576K
}
Event: 40.378 GC heap before
{Heap before GC invocations=27 (full 0):
 garbage-first heap   total 253952K, used 208791K [0x0000000080000000, 0x0000000100000000)
  region size 1024K, 37 young (37888K), 6 survivors (6144K)
 Metaspace       used 105535K, capacity 107755K, committed 108756K, reserved 1144832K
  class space    used 13281K, capacity 14114K, committed 14464K, reserved 1048576K
}
Event: 40.389 GC heap after
{Heap after GC invocations=28 (full 0):
 garbage-first heap   total 253952K, used 189006K [0x0000000080000000, 0x0000000100000000)
  region size 1024K, 5 young (5120K), 5 survivors (5120K)
 Metaspace       used 105535K, capacity 107755K, committed 108756K, reserved 1144832K
  class space    used 13281K, capacity 14114K, committed 14464K, reserved 1048576K
}
Event: 40.419 GC heap before
{Heap before GC invocations=28 (full 0):
 garbage-first heap   total 253952K, used 210510K [0x0000000080000000, 0x0000000100000000)
  region size 1024K, 27 young (27648K), 5 survivors (5120K)
 Metaspace       used 105660K, capacity 107893K, committed 108756K, reserved 1144832K
  class space    used 13294K, capacity 14116K, committed 14464K, reserved 1048576K
}
Event: 40.427 GC heap after
{Heap after GC invocations=29 (full 0):
 garbage-first heap   total 253952K, used 196803K [0x0000000080000000, 0x0000000100000000)
  region size 1024K, 4 young (4096K), 4 survivors (4096K)
 Metaspace       used 105660K, capacity 107893K, committed 108756K, reserved 1144832K
  class space    used 13294K, capacity 14116K, committed 14464K, reserved 1048576K
}
Event: 40.464 GC heap before
{Heap before GC invocations=30 (full 0):
 garbage-first heap   total 253952K, used 213187K [0x0000000080000000, 0x0000000100000000)
  region size 1024K, 21 young (21504K), 4 survivors (4096K)
 Metaspace       used 106147K, capacity 108415K, committed 109268K, reserved 1144832K
  class space    used 13369K, capacity 14204K, committed 14464K, reserved 1048576K
}
Event: 40.473 GC heap after
{Heap after GC invocations=31 (full 0):
 garbage-first heap   total 316416K, used 201410K [0x0000000080000000, 0x0000000100000000)
  region size 1024K, 3 young (3072K), 3 survivors (3072K)
 Metaspace       used 106147K, capacity 108415K, committed 109268K, reserved 1144832K
  class space    used 13369K, capacity 14204K, committed 14464K, reserved 1048576K
}
Event: 40.497 GC heap before
{Heap before GC invocations=31 (full 0):
 garbage-first heap   total 316416K, used 213698K [0x0000000080000000, 0x0000000100000000)
  region size 1024K, 15 young (15360K), 3 survivors (3072K)
 Metaspace       used 106325K, capacity 108581K, committed 109396K, reserved 1144832K
  class space    used 13390K, capacity 14238K, committed 14592K, reserved 1048576K
}
Event: 40.502 GC heap after
{Heap after GC invocations=32 (full 0):
 garbage-first heap   total 316416K, used 203093K [0x0000000080000000, 0x0000000100000000)
  region size 1024K, 2 young (2048K), 2 survivors (2048K)
 Metaspace       used 106325K, capacity 108581K, committed 109396K, reserved 1144832K
  class space    used 13390K, capacity 14238K, committed 14592K, reserved 1048576K
}
Event: 40.569 GC heap before
{Heap before GC invocations=32 (full 0):
 garbage-first heap   total 316416K, used 251221K [0x0000000080000000, 0x0000000100000000)
  region size 1024K, 49 young (50176K), 2 survivors (2048K)
 Metaspace       used 106618K, capacity 108870K, committed 109652K, reserved 1144832K
  class space    used 13427K, capacity 14270K, committed 14592K, reserved 1048576K
}
Event: 40.577 GC heap after
{Heap after GC invocations=33 (full 0):
 garbage-first heap   total 316416K, used 212264K [0x0000000080000000, 0x0000000100000000)
  region size 1024K, 7 young (7168K), 7 survivors (7168K)
 Metaspace       used 106618K, capacity 108870K, committed 109652K, reserved 1144832K
  class space    used 13427K, capacity 14270K, committed 14592K, reserved 1048576K
}
Event: 40.624 GC heap before
{Heap before GC invocations=33 (full 0):
 garbage-first heap   total 316416K, used 256296K [0x0000000080000000, 0x0000000100000000)
  region size 1024K, 50 young (51200K), 7 survivors (7168K)
 Metaspace       used 106791K, capacity 109068K, committed 109908K, reserved 1144832K
  class space    used 13435K, capacity 14270K, committed 14592K, reserved 1048576K
}
Event: 40.633 GC heap after
{Heap after GC invocations=34 (full 0):
 garbage-first heap   total 316416K, used 220883K [0x0000000080000000, 0x0000000100000000)
  region size 1024K, 7 young (7168K), 7 survivors (7168K)
 Metaspace       used 106791K, capacity 109068K, committed 109908K, reserved 1144832K
  class space    used 13435K, capacity 14270K, committed 14592K, reserved 1048576K
}
Event: 40.683 GC heap before
{Heap before GC invocations=34 (full 0):
 garbage-first heap   total 316416K, used 260819K [0x0000000080000000, 0x0000000100000000)
  region size 1024K, 46 young (47104K), 7 survivors (7168K)
 Metaspace       used 107335K, capacity 109631K, committed 110420K, reserved 1144832K
  class space    used 13512K, capacity 14351K, committed 14592K, reserved 1048576K
}

