# JRE version: OpenJDK Runtime Environment (11.0.12+7) (build 11.0.12+7-b1504.28-7817840)
# Java VM: OpenJDK 64-Bit Server VM (11.0.12+7-b1504.28-7817840, mixed mode, tiered, compressed oops, g1 gc, windows-amd64)
Heap:
 garbage-first heap   total 390144K, used 197509K [0x0000000080000000, 0x0000000100000000)
  region size 1024K, 4 young (4096K), 4 survivors (4096K)
 Metaspace       used 140833K, capacity 146110K, committed 146304K, reserved 1177600K
  class space    used 17125K, capacity 19040K, committed 19072K, reserved 1048576K
GC Heap History (20 events):
Event: 4529.285 GC heap after
{Heap after GC invocations=178 (full 0):
 garbage-first heap   total 253952K, used 130169K [0x0000000080000000, 0x0000000100000000)
  region size 1024K, 11 young (11264K), 11 survivors (11264K)
 Metaspace       used 140007K, capacity 145232K, committed 145408K, reserved 1175552K
  class space    used 17024K, capacity 18911K, committed 18944K, reserved 1048576K
}
Event: 4529.557 GC heap before
{Heap before GC invocations=179 (full 0):
 garbage-first heap   total 253952K, used 205945K [0x0000000080000000, 0x0000000100000000)
  region size 1024K, 87 young (89088K), 11 survivors (11264K)
 Metaspace       used 140392K, capacity 145629K, committed 145792K, reserved 1175552K
  class space    used 17064K, capacity 18965K, committed 19072K, reserved 1048576K
}
Event: 4529.567 GC heap after
{Heap after GC invocations=180 (full 0):
 garbage-first heap   total 253952K, used 147378K [0x0000000080000000, 0x0000000100000000)
  region size 1024K, 11 young (11264K), 11 survivors (11264K)
 Metaspace       used 140392K, capacity 145629K, committed 145792K, reserved 1175552K
  class space    used 17064K, capacity 18965K, committed 19072K, reserved 1048576K
}
Event: 4529.568 GC heap before
{Heap before GC invocations=180 (full 0):
 garbage-first heap   total 253952K, used 148402K [0x0000000080000000, 0x0000000100000000)
  region size 1024K, 12 young (12288K), 11 survivors (11264K)
 Metaspace       used 140392K, capacity 145629K, committed 145792K, reserved 1175552K
  class space    used 17064K, capacity 18965K, committed 19072K, reserved 1048576K
}
Event: 4529.573 GC heap after
{Heap after GC invocations=181 (full 0):
 garbage-first heap   total 253952K, used 147708K [0x0000000080000000, 0x0000000100000000)
  region size 1024K, 2 young (2048K), 2 survivors (2048K)
 Metaspace       used 140392K, capacity 145629K, committed 145792K, reserved 1175552K
  class space    used 17064K, capacity 18965K, committed 19072K, reserved 1048576K
}
Event: 4529.606 GC heap before
{Heap before GC invocations=181 (full 0):
 garbage-first heap   total 253952K, used 200956K [0x0000000080000000, 0x0000000100000000)
  region size 1024K, 56 young (57344K), 2 survivors (2048K)
 Metaspace       used 140439K, capacity 145630K, committed 145792K, reserved 1175552K
  class space    used 17068K, capacity 18965K, committed 19072K, reserved 1048576K
}
Event: 4529.615 GC heap after
{Heap after GC invocations=182 (full 0):
 garbage-first heap   total 253952K, used 161230K [0x0000000080000000, 0x0000000100000000)
  region size 1024K, 7 young (7168K), 7 survivors (7168K)
 Metaspace       used 140439K, capacity 145630K, committed 145792K, reserved 1175552K
  class space    used 17068K, capacity 18965K, committed 19072K, reserved 1048576K
}
Event: 4529.661 GC heap before
{Heap before GC invocations=182 (full 0):
 garbage-first heap   total 253952K, used 203214K [0x0000000080000000, 0x0000000100000000)
  region size 1024K, 50 young (51200K), 7 survivors (7168K)
 Metaspace       used 140462K, capacity 145700K, committed 146048K, reserved 1175552K
  class space    used 17069K, capacity 18967K, committed 19072K, reserved 1048576K
}
Event: 4529.668 GC heap after
{Heap after GC invocations=183 (full 0):
 garbage-first heap   total 253952K, used 172372K [0x0000000080000000, 0x0000000100000000)
  region size 1024K, 7 young (7168K), 7 survivors (7168K)
 Metaspace       used 140462K, capacity 145700K, committed 146048K, reserved 1175552K
  class space    used 17069K, capacity 18967K, committed 19072K, reserved 1048576K
}
Event: 4529.713 GC heap before
{Heap before GC invocations=183 (full 0):
 garbage-first heap   total 253952K, used 205140K [0x0000000080000000, 0x0000000100000000)
  region size 1024K, 41 young (41984K), 7 survivors (7168K)
 Metaspace       used 140612K, capacity 145838K, committed 146048K, reserved 1175552K
  class space    used 17095K, capacity 18992K, committed 19072K, reserved 1048576K
}
Event: 4529.719 GC heap after
{Heap after GC invocations=184 (full 0):
 garbage-first heap   total 253952K, used 180152K [0x0000000080000000, 0x0000000100000000)
  region size 1024K, 5 young (5120K), 5 survivors (5120K)
 Metaspace       used 140612K, capacity 145838K, committed 146048K, reserved 1175552K
  class space    used 17095K, capacity 18992K, committed 19072K, reserved 1048576K
}
Event: 4529.779 GC heap before
{Heap before GC invocations=184 (full 0):
 garbage-first heap   total 253952K, used 208824K [0x0000000080000000, 0x0000000100000000)
  region size 1024K, 34 young (34816K), 5 survivors (5120K)
 Metaspace       used 140683K, capacity 145906K, committed 146048K, reserved 1175552K
  class space    used 17106K, capacity 18993K, committed 19072K, reserved 1048576K
}
Event: 4529.786 GC heap after
{Heap after GC invocations=185 (full 0):
 garbage-first heap   total 253952K, used 185866K [0x0000000080000000, 0x0000000100000000)
  region size 1024K, 5 young (5120K), 5 survivors (5120K)
 Metaspace       used 140683K, capacity 145906K, committed 146048K, reserved 1175552K
  class space    used 17106K, capacity 18993K, committed 19072K, reserved 1048576K
}
Event: 4529.820 GC heap before
{Heap before GC invocations=186 (full 0):
 garbage-first heap   total 253952K, used 210442K [0x0000000080000000, 0x0000000100000000)
  region size 1024K, 31 young (31744K), 5 survivors (5120K)
 Metaspace       used 140766K, capacity 146020K, committed 146304K, reserved 1177600K
  class space    used 17116K, capacity 19031K, committed 19072K, reserved 1048576K
}
Event: 4529.825 GC heap after
{Heap after GC invocations=187 (full 0):
 garbage-first heap   total 253952K, used 190239K [0x0000000080000000, 0x0000000100000000)
  region size 1024K, 4 young (4096K), 4 survivors (4096K)
 Metaspace       used 140766K, capacity 146020K, committed 146304K, reserved 1177600K
  class space    used 17116K, capacity 19031K, committed 19072K, reserved 1048576K
}
Event: 4529.831 GC heap before
{Heap before GC invocations=187 (full 0):
 garbage-first heap   total 253952K, used 198431K [0x0000000080000000, 0x0000000100000000)
  region size 1024K, 12 young (12288K), 4 survivors (4096K)
 Metaspace       used 140775K, capacity 146020K, committed 146304K, reserved 1177600K
  class space    used 17117K, capacity 19031K, committed 19072K, reserved 1048576K
}
Event: 4529.838 GC heap after
{Heap after GC invocations=188 (full 0):
 garbage-first heap   total 253952K, used 189179K [0x0000000080000000, 0x0000000100000000)
  region size 1024K, 2 young (2048K), 2 survivors (2048K)
 Metaspace       used 140775K, capacity 146020K, committed 146304K, reserved 1177600K
  class space    used 17117K, capacity 19031K, committed 19072K, reserved 1048576K
}
Event: 4529.852 GC heap before
{Heap before GC invocations=188 (full 0):
 garbage-first heap   total 253952K, used 212731K [0x0000000080000000, 0x0000000100000000)
  region size 1024K, 25 young (25600K), 2 survivors (2048K)
 Metaspace       used 140828K, capacity 146106K, committed 146304K, reserved 1177600K
  class space    used 17124K, capacity 19039K, committed 19072K, reserved 1048576K
}
Event: 4529.859 GC heap after
{Heap after GC invocations=189 (full 0):
 garbage-first heap   total 253952K, used 193332K [0x0000000080000000, 0x0000000100000000)
  region size 1024K, 4 young (4096K), 4 survivors (4096K)
 Metaspace       used 140828K, capacity 146106K, committed 146304K, reserved 1177600K
  class space    used 17124K, capacity 19039K, committed 19072K, reserved 1048576K
}
Event: 4529.885 GC heap before
{Heap before GC invocations=189 (full 0):
 garbage-first heap   total 253952K, used 215860K [0x0000000080000000, 0x0000000100000000)
  region size 1024K, 27 young (27648K), 4 survivors (4096K)
 Metaspace       used 140833K, capacity 146110K, committed 146304K, reserved 1177600K
  class space    used 17125K, capacity 19040K, committed 19072K, reserved 1048576K
}

