# JRE version: OpenJDK Runtime Environment (11.0.12+7) (build 11.0.12+7-b1504.28-7817840)
# Java VM: OpenJDK 64-Bit Server VM (11.0.12+7-b1504.28-7817840, mixed mode, tiered, compressed oops, g1 gc, windows-amd64)
Heap:
 garbage-first heap   total 373760K, used 93184K [0x0000000709400000, 0x0000000800000000)
  region size 1024K, 6 young (6144K), 6 survivors (6144K)
 Metaspace       used 84494K, capacity 85340K, committed 85444K, reserved 1126400K
  class space    used 8786K, capacity 9117K, committed 9216K, reserved 1048576K
GC Heap History (20 events):
Event: 0.464 GC heap after
{Heap after GC invocations=1 (full 0):
 garbage-first heap   total 253952K, used 5779K [0x0000000709400000, 0x0000000800000000)
  region size 1024K, 3 young (3072K), 3 survivors (3072K)
 Metaspace       used 12365K, capacity 12504K, committed 12800K, reserved 1060864K
  class space    used 1166K, capacity 1207K, committed 1280K, reserved 1048576K
}
Event: 0.949 GC heap before
{Heap before GC invocations=1 (full 0):
 garbage-first heap   total 253952K, used 40595K [0x0000000709400000, 0x0000000800000000)
  region size 1024K, 38 young (38912K), 3 survivors (3072K)
 Metaspace       used 20755K, capacity 21017K, committed 21248K, reserved 1069056K
  class space    used 2209K, capacity 2286K, committed 2304K, reserved 1048576K
}
Event: 0.959 GC heap after
{Heap after GC invocations=2 (full 0):
 garbage-first heap   total 253952K, used 9282K [0x0000000709400000, 0x0000000800000000)
  region size 1024K, 7 young (7168K), 7 survivors (7168K)
 Metaspace       used 20755K, capacity 21017K, committed 21248K, reserved 1069056K
  class space    used 2209K, capacity 2286K, committed 2304K, reserved 1048576K
}
Event: 1.736 GC heap before
{Heap before GC invocations=3 (full 0):
 garbage-first heap   total 253952K, used 65602K [0x0000000709400000, 0x0000000800000000)
  region size 1024K, 57 young (58368K), 7 survivors (7168K)
 Metaspace       used 32221K, capacity 32756K, committed 33024K, reserved 1077248K
  class space    used 4038K, capacity 4256K, committed 4352K, reserved 1048576K
}
Event: 1.746 GC heap after
{Heap after GC invocations=4 (full 0):
 garbage-first heap   total 253952K, used 20773K [0x0000000709400000, 0x0000000800000000)
  region size 1024K, 8 young (8192K), 8 survivors (8192K)
 Metaspace       used 32221K, capacity 32756K, committed 33024K, reserved 1077248K
  class space    used 4038K, capacity 4256K, committed 4352K, reserved 1048576K
}
Event: 1.942 GC heap before
{Heap before GC invocations=4 (full 0):
 garbage-first heap   total 253952K, used 37157K [0x0000000709400000, 0x0000000800000000)
  region size 1024K, 25 young (25600K), 8 survivors (8192K)
 Metaspace       used 34986K, capacity 35487K, committed 35584K, reserved 1081344K
  class space    used 4322K, capacity 4548K, committed 4608K, reserved 1048576K
}
Event: 1.953 GC heap after
{Heap after GC invocations=5 (full 0):
 garbage-first heap   total 253952K, used 21044K [0x0000000709400000, 0x0000000800000000)
  region size 1024K, 3 young (3072K), 3 survivors (3072K)
 Metaspace       used 34986K, capacity 35487K, committed 35584K, reserved 1081344K
  class space    used 4322K, capacity 4548K, committed 4608K, reserved 1048576K
}
Event: 2.796 GC heap before
{Heap before GC invocations=6 (full 0):
 garbage-first heap   total 253952K, used 97844K [0x0000000709400000, 0x0000000800000000)
  region size 1024K, 77 young (78848K), 3 survivors (3072K)
 Metaspace       used 46625K, capacity 47298K, committed 47488K, reserved 1091584K
  class space    used 5487K, capacity 5722K, committed 5760K, reserved 1048576K
}
Event: 2.809 GC heap after
{Heap after GC invocations=7 (full 0):
 garbage-first heap   total 253952K, used 27866K [0x0000000709400000, 0x0000000800000000)
  region size 1024K, 9 young (9216K), 9 survivors (9216K)
 Metaspace       used 46625K, capacity 47298K, committed 47488K, reserved 1091584K
  class space    used 5487K, capacity 5722K, committed 5760K, reserved 1048576K
}
Event: 5.113 GC heap before
{Heap before GC invocations=8 (full 0):
 garbage-first heap   total 253952K, used 172250K [0x0000000709400000, 0x0000000800000000)
  region size 1024K, 148 young (151552K), 9 survivors (9216K)
 Metaspace       used 57239K, capacity 57888K, committed 57984K, reserved 1099776K
  class space    used 6412K, capacity 6695K, committed 6784K, reserved 1048576K
}
Event: 5.138 GC heap after
{Heap after GC invocations=9 (full 0):
 garbage-first heap   total 311296K, used 47994K [0x0000000709400000, 0x0000000800000000)
  region size 1024K, 19 young (19456K), 19 survivors (19456K)
 Metaspace       used 57239K, capacity 57888K, committed 57984K, reserved 1099776K
  class space    used 6412K, capacity 6695K, committed 6784K, reserved 1048576K
}
Event: 6.007 GC heap before
{Heap before GC invocations=9 (full 0):
 garbage-first heap   total 311296K, used 86906K [0x0000000709400000, 0x0000000800000000)
  region size 1024K, 57 young (58368K), 19 survivors (19456K)
 Metaspace       used 58753K, capacity 59452K, committed 59520K, reserved 1101824K
  class space    used 6464K, capacity 6741K, committed 6784K, reserved 1048576K
}
Event: 6.021 GC heap after
{Heap after GC invocations=10 (full 0):
 garbage-first heap   total 311296K, used 54035K [0x0000000709400000, 0x0000000800000000)
  region size 1024K, 6 young (6144K), 6 survivors (6144K)
 Metaspace       used 58753K, capacity 59452K, committed 59520K, reserved 1101824K
  class space    used 6464K, capacity 6741K, committed 6784K, reserved 1048576K
}
Event: 8.286 GC heap before
{Heap before GC invocations=10 (full 0):
 garbage-first heap   total 311296K, used 160531K [0x0000000709400000, 0x0000000800000000)
  region size 1024K, 110 young (112640K), 6 survivors (6144K)
 Metaspace       used 64355K, capacity 65120K, committed 65152K, reserved 1107968K
  class space    used 6969K, capacity 7265K, committed 7296K, reserved 1048576K
}
Event: 8.296 GC heap after
{Heap after GC invocations=11 (full 0):
 garbage-first heap   total 311296K, used 60538K [0x0000000709400000, 0x0000000800000000)
  region size 1024K, 12 young (12288K), 12 survivors (12288K)
 Metaspace       used 64355K, capacity 65120K, committed 65152K, reserved 1107968K
  class space    used 6969K, capacity 7265K, committed 7296K, reserved 1048576K
}
Event: 9.889 GC heap before
{Heap before GC invocations=11 (full 0):
 garbage-first heap   total 311296K, used 178298K [0x0000000709400000, 0x0000000800000000)
  region size 1024K, 127 young (130048K), 12 survivors (12288K)
 Metaspace       used 73586K, capacity 74357K, committed 74496K, reserved 1116160K
  class space    used 7845K, capacity 8147K, committed 8192K, reserved 1048576K
}
Event: 9.905 GC heap after
{Heap after GC invocations=12 (full 0):
 garbage-first heap   total 311296K, used 76220K [0x0000000709400000, 0x0000000800000000)
  region size 1024K, 16 young (16384K), 16 survivors (16384K)
 Metaspace       used 73586K, capacity 74357K, committed 74496K, reserved 1116160K
  class space    used 7845K, capacity 8147K, committed 8192K, reserved 1048576K
}
Event: 10.548 GC heap before
{Heap before GC invocations=12 (full 0):
 garbage-first heap   total 311296K, used 126396K [0x0000000709400000, 0x0000000800000000)
  region size 1024K, 66 young (67584K), 16 survivors (16384K)
 Metaspace       used 78190K, capacity 79009K, committed 79104K, reserved 1120256K
  class space    used 8294K, capacity 8630K, committed 8704K, reserved 1048576K
}
Event: 10.568 GC heap after
{Heap after GC invocations=13 (full 0):
 garbage-first heap   total 311296K, used 87982K [0x0000000709400000, 0x0000000800000000)
  region size 1024K, 11 young (11264K), 11 survivors (11264K)
 Metaspace       used 78190K, capacity 79009K, committed 79104K, reserved 1120256K
  class space    used 8294K, capacity 8630K, committed 8704K, reserved 1048576K
}
Event: 11.847 GC heap before
{Heap before GC invocations=14 (full 0):
 garbage-first heap   total 311296K, used 183214K [0x0000000709400000, 0x0000000800000000)
  region size 1024K, 104 young (106496K), 11 survivors (11264K)
 Metaspace       used 84494K, capacity 85340K, committed 85444K, reserved 1126400K
  class space    used 8786K, capacity 9117K, committed 9216K, reserved 1048576K
}

